TN:
SF:components\Detail\certificate.tsx
FN:47,(anonymous_0)
FNF:1
FNH:0
FNDA:0,(anonymous_0)
DA:5,2
DA:9,2
DA:15,2
DA:35,2
DA:47,2
DA:48,0
LF:6
LH:5
BRDA:50,0,0,0
BRDA:50,0,1,0
BRF:2
BRH:0
end_of_record
TN:
SF:components\Detail\detail.tsx
FN:24,(anonymous_0)
FNF:1
FNH:0
FNDA:0,(anonymous_0)
DA:5,2
DA:24,2
DA:25,0
LF:3
LH:2
BRF:0
BRH:0
end_of_record
TN:
SF:components\Detail\display.tsx
FN:28,(anonymous_0)
FNF:1
FNH:0
FNDA:0,(anonymous_0)
DA:6,2
DA:28,2
DA:29,0
LF:3
LH:2
BRF:0
BRH:0
end_of_record
TN:
SF:components\Detail\displayInformation.tsx
FN:104,(anonymous_0)
FN:116,(anonymous_1)
FN:126,(anonymous_2)
FN:135,(anonymous_3)
FN:195,(anonymous_4)
FN:203,(anonymous_5)
FNF:6
FNH:0
FNDA:0,(anonymous_0)
FNDA:0,(anonymous_1)
FNDA:0,(anonymous_2)
FNDA:0,(anonymous_3)
FNDA:0,(anonymous_4)
FNDA:0,(anonymous_5)
DA:15,2
DA:25,2
DA:34,2
DA:47,2
DA:62,2
DA:72,2
DA:77,2
DA:92,2
DA:104,2
DA:105,0
DA:116,2
DA:117,0
DA:118,0
DA:119,0
DA:126,0
DA:127,0
DA:135,0
DA:136,0
DA:137,0
DA:139,0
DA:140,0
DA:144,0
DA:195,0
DA:203,0
LF:24
LH:10
BRDA:136,0,0,0
BRDA:136,0,1,0
BRDA:139,1,0,0
BRDA:139,1,1,0
BRF:4
BRH:0
end_of_record
TN:
SF:components\Detail\index.tsx
FN:18,(anonymous_0)
FNF:1
FNH:1
FNDA:8,(anonymous_0)
DA:18,2
DA:19,8
DA:20,6
DA:22,0
LF:4
LH:3
BRF:0
BRH:0
end_of_record
TN:
SF:components\Detail\recommendation.tsx
FN:42,(anonymous_0)
FN:50,(anonymous_1)
FNF:2
FNH:0
FNDA:0,(anonymous_0)
FNDA:0,(anonymous_1)
DA:10,2
DA:18,2
DA:26,2
DA:42,2
DA:43,0
DA:45,0
DA:51,0
LF:7
LH:4
BRDA:50,0,0,0
BRDA:50,0,1,0
BRF:2
BRH:0
end_of_record
TN:
SF:components\Detail\recommendationElement.tsx
FN:25,(anonymous_0)
FN:29,(anonymous_1)
FNF:2
FNH:0
FNDA:0,(anonymous_0)
FNDA:0,(anonymous_1)
DA:6,2
DA:25,2
DA:26,0
DA:28,0
DA:29,0
LF:5
LH:2
BRDA:30,0,0,0
BRDA:30,0,1,0
BRDA:32,1,0,0
BRDA:32,1,1,0
BRDA:32,2,0,0
BRDA:32,2,1,0
BRDA:32,2,2,0
BRF:7
BRH:0
end_of_record
TN:
SF:components\Footer\index.tsx
FN:44,(anonymous_0)
FN:48,(anonymous_1)
FNF:2
FNH:1
FNDA:2,(anonymous_0)
FNDA:0,(anonymous_1)
DA:5,2
DA:10,2
DA:19,2
DA:28,2
DA:32,2
DA:44,2
DA:48,2
DA:49,0
DA:52,2
LF:9
LH:8
BRF:0
BRH:0
end_of_record
TN:
SF:components\Header\index.tsx
FN:48,(anonymous_0)
FN:53,(anonymous_1)
FN:54,(anonymous_2)
FNF:3
FNH:1
FNDA:3,(anonymous_0)
FNDA:0,(anonymous_1)
FNDA:0,(anonymous_2)
DA:11,3
DA:48,3
DA:49,3
DA:51,3
DA:53,0
DA:54,0
LF:6
LH:4
BRDA:53,0,0,3
BRDA:53,0,1,3
BRF:2
BRH:2
end_of_record
TN:
SF:components\ProductList\index.tsx
FN:34,(anonymous_0)
FN:35,(anonymous_1)
FN:62,(anonymous_2)
FN:63,(anonymous_3)
FN:104,(anonymous_4)
FN:120,(anonymous_5)
FN:121,(anonymous_6)
FN:123,(anonymous_7)
FN:145,(anonymous_8)
FN:153,(anonymous_9)
FN:172,(anonymous_10)
FN:201,(anonymous_11)
FN:254,(anonymous_12)
FNF:13
FNH:1
FNDA:0,(anonymous_0)
FNDA:0,(anonymous_1)
FNDA:0,(anonymous_2)
FNDA:0,(anonymous_3)
FNDA:0,(anonymous_4)
FNDA:0,(anonymous_5)
FNDA:0,(anonymous_6)
FNDA:0,(anonymous_7)
FNDA:33,(anonymous_8)
FNDA:0,(anonymous_9)
FNDA:0,(anonymous_10)
FNDA:0,(anonymous_11)
FNDA:0,(anonymous_12)
DA:16,2
DA:26,2
DA:33,2
DA:34,0
DA:35,0
DA:61,2
DA:62,0
DA:63,0
DA:103,2
DA:104,0
DA:119,2
DA:120,0
DA:121,0
DA:123,0
DA:145,2
DA:147,33
DA:148,0
DA:149,0
DA:150,0
DA:154,0
DA:155,0
DA:172,0
DA:198,0
DA:201,0
DA:254,0
LF:25
LH:8
BRDA:104,0,0,0
BRDA:104,0,1,0
BRDA:123,1,0,0
BRDA:123,1,1,0
BRDA:153,2,0,0
BRDA:153,2,1,0
BRDA:153,2,2,0
BRDA:154,3,0,0
BRDA:154,3,1,0
BRDA:166,4,0,0
BRDA:166,4,1,0
BRDA:168,5,0,0
BRDA:168,5,1,0
BRDA:211,6,0,0
BRDA:211,6,1,0
BRDA:232,7,0,0
BRDA:232,7,1,0
BRF:17
BRH:0
end_of_record
TN:
SF:components\ProductSubmit\index.tsx
FN:47,(anonymous_0)
FN:61,(anonymous_1)
FN:61,(anonymous_2)
FN:67,(anonymous_3)
FN:79,(anonymous_4)
FN:92,(anonymous_5)
FN:93,(anonymous_6)
FN:98,(anonymous_7)
FN:104,(anonymous_8)
FNF:9
FNH:1
FNDA:13,(anonymous_0)
FNDA:0,(anonymous_1)
FNDA:0,(anonymous_2)
FNDA:0,(anonymous_3)
FNDA:0,(anonymous_4)
FNDA:0,(anonymous_5)
FNDA:0,(anonymous_6)
FNDA:0,(anonymous_7)
FNDA:0,(anonymous_8)
DA:23,2
DA:37,2
DA:42,2
DA:47,2
DA:48,13
DA:49,0
DA:59,0
DA:61,0
DA:62,0
DA:63,0
DA:64,0
DA:67,0
DA:68,0
DA:69,0
DA:70,0
DA:71,0
DA:72,0
DA:73,0
DA:74,0
DA:75,0
DA:79,0
DA:80,0
DA:81,0
DA:92,0
DA:94,0
DA:95,0
DA:96,0
DA:99,0
DA:100,0
DA:104,0
DA:105,0
DA:108,0
LF:32
LH:5
BRDA:24,0,0,2
BRDA:24,0,1,0
BRDA:30,1,0,2
BRDA:30,1,1,0
BRDA:38,2,0,2
BRDA:38,2,1,0
BRDA:43,3,0,2
BRDA:43,3,1,0
BRDA:62,4,0,0
BRDA:62,4,1,0
BRDA:63,5,0,0
BRDA:63,5,1,0
BRDA:63,6,0,0
BRDA:63,6,1,0
BRDA:68,7,0,0
BRDA:68,7,1,0
BRDA:69,8,0,0
BRDA:69,8,1,0
BRDA:70,9,0,0
BRDA:70,9,1,0
BRDA:72,10,0,0
BRDA:72,10,1,0
BRDA:74,11,0,0
BRDA:74,11,1,0
BRDA:111,12,0,0
BRDA:111,12,1,0
BRDA:134,13,0,0
BRDA:134,13,1,0
BRDA:134,13,2,0
BRDA:134,13,3,0
BRF:30
BRH:4
end_of_record
TN:
SF:pages\_app.tsx
FN:6,(anonymous_0)
FN:8,(anonymous_1)
FNF:2
FNH:0
FNDA:0,(anonymous_0)
FNDA:0,(anonymous_1)
DA:6,0
DA:8,0
DA:10,0
LF:3
LH:0
BRDA:8,0,0,0
BRDA:8,0,1,0
BRF:2
BRH:0
end_of_record
TN:
SF:pages\_document.tsx
FN:5,(anonymous_0)
FNF:1
FNH:0
FNDA:0,(anonymous_0)
DA:6,0
LF:1
LH:0
BRF:0
BRH:0
end_of_record
TN:
SF:pages\index.tsx
FN:5,(anonymous_0)
FN:9,(anonymous_1)
FN:14,(anonymous_2)
FN:18,(anonymous_3)
FNF:4
FNH:4
FNDA:1,(anonymous_0)
FNDA:1,(anonymous_1)
FNDA:1,(anonymous_2)
FNDA:2,(anonymous_3)
DA:5,1
DA:8,1
DA:9,1
DA:14,1
DA:18,1
DA:19,2
LF:6
LH:6
BRF:0
BRH:0
end_of_record
TN:
SF:pages\detail\[id].tsx
FN:6,(anonymous_0)
FN:12,(anonymous_1)
FN:22,Detail
FNF:3
FNH:3
FNDA:1,(anonymous_0)
FNDA:1,(anonymous_1)
FNDA:2,Detail
DA:5,1
DA:6,1
DA:11,1
DA:12,1
DA:23,2
LF:5
LH:5
BRF:0
BRH:0
end_of_record
TN:
SF:pages\submit\index.tsx
FN:7,(anonymous_0)
FN:11,(anonymous_1)
FNF:2
FNH:2
FNDA:1,(anonymous_0)
FNDA:2,(anonymous_1)
DA:7,1
DA:11,1
DA:12,2
LF:3
LH:3
BRF:0
BRH:0
end_of_record
TN:
SF:recoil\atoms.ts
FNF:0
FNH:0
DA:5,6
DA:94,6
LF:2
LH:2
BRF:0
BRH:0
end_of_record
TN:
SF:recoil\selectors.ts
FN:10,(anonymous_0)
FN:23,(anonymous_1)
FN:28,(anonymous_2)
FN:39,(anonymous_3)
FN:44,(anonymous_4)
FN:44,(anonymous_5)
FN:59,(anonymous_6)
FN:59,(anonymous_7)
FNF:8
FNH:2
FNDA:2,(anonymous_0)
FNDA:0,(anonymous_1)
FNDA:2,(anonymous_2)
FNDA:0,(anonymous_3)
FNDA:0,(anonymous_4)
FNDA:0,(anonymous_5)
FNDA:0,(anonymous_6)
FNDA:0,(anonymous_7)
DA:8,6
DA:12,2
DA:13,2
DA:14,0
DA:16,0
DA:18,0
DA:20,2
DA:23,0
DA:26,6
DA:30,2
DA:32,2
DA:33,0
DA:34,0
DA:36,2
DA:39,0
DA:42,6
DA:44,0
DA:46,0
DA:48,0
DA:49,0
DA:50,0
DA:52,0
DA:57,6
DA:59,0
DA:61,0
DA:63,0
DA:64,0
DA:65,0
DA:67,0
LF:29
LH:10
BRDA:18,0,0,0
BRDA:18,0,1,0
BRDA:34,1,0,0
BRDA:34,1,1,0
BRDA:50,2,0,0
BRDA:50,2,1,0
BRDA:65,3,0,0
BRDA:65,3,1,0
BRF:8
BRH:0
end_of_record
TN:
SF:types\category.ts
FNF:0
FNH:0
LF:0
LH:0
BRF:0
BRH:0
end_of_record
TN:
SF:types\posts.ts
FNF:0
FNH:0
LF:0
LH:0
BRF:0
BRH:0
end_of_record
TN:
SF:types\recommendationItem.ts
FNF:0
FNH:0
LF:0
LH:0
BRF:0
BRH:0
end_of_record
TN:
SF:utils\dummtData.ts
FNF:0
FNH:0
DA:1,2
DA:23,2
LF:2
LH:2
BRF:0
BRH:0
end_of_record
TN:
SF:utils\numbers.ts
FN:1,(anonymous_0)
FNF:1
FNH:1
FNDA:1,(anonymous_0)
DA:1,3
DA:2,1
DA:3,1
DA:4,0
DA:6,1
DA:7,0
DA:9,1
LF:7
LH:5
BRDA:3,0,0,0
BRDA:3,0,1,1
BRDA:3,1,0,1
BRDA:3,1,1,1
BRDA:6,2,0,0
BRDA:6,2,1,1
BRDA:6,3,0,1
BRDA:6,3,1,0
BRF:8
BRH:5
end_of_record
TN:
SF:utils\useRequest.ts
FN:3,(anonymous_0)
FN:3,(anonymous_1)
FNF:2
FNH:0
FNDA:0,(anonymous_0)
FNDA:0,(anonymous_1)
DA:3,6
DA:4,6
LF:2
LH:2
BRDA:4,0,0,6
BRDA:4,0,1,6
BRF:2
BRH:2
end_of_record
